<?xml version="1.0" encoding="UTF-8"?>
<robot generator="Robot 7.2.2 (Python 3.13.3 on win32)" generated="2025-05-15T11:07:19.480855" rpa="false" schemaversion="5">
<suite id="s1" name="IMU" source="D:\Validation\Sobia\CGVCU_BSW_V-V\M_Core\IMU">
<suite id="s1-s1" name="Imu Functional Validation" source="D:\Validation\Sobia\CGVCU_BSW_V-V\M_Core\IMU\imu_functional_validation.robot">
<kw name="Open Canape And Load Imu Configuration" owner="imu_canape_interface" type="SETUP">
<status status="PASS" start="2025-05-15T11:07:19.723855" elapsed="14.017070"/>
</kw>
<test id="s1-s1-t1" name="CGMN-XXXX: Verify the CGVCU software shall configure the gyroscope’s full-scale value to ±250 DPS." line="12">
<kw name="Log" owner="BuiltIn">
<msg time="2025-05-15T11:07:33.743170" level="INFO">verifies from SWE.1 Requriment: XXXX</msg>
<arg>verifies from SWE.1 Requriment: XXXX</arg>
<doc>Logs the given message with the given level.</doc>
<status status="PASS" start="2025-05-15T11:07:33.742773" elapsed="0.000551"/>
</kw>
<kw name="Read Xcp Variable" owner="imu_canape_interface">
<msg time="2025-05-15T11:07:33.746129" level="INFO">${value} = 0.0</msg>
<var>${value}</var>
<arg>gyroFsValue</arg>
<status status="PASS" start="2025-05-15T11:07:33.744089" elapsed="0.002100"/>
</kw>
<kw name="Log" owner="BuiltIn">
<msg time="2025-05-15T11:07:33.746825" level="INFO">Current gyroscope full-scale value: 0.0</msg>
<arg>Current gyroscope full-scale value: ${value}</arg>
<doc>Logs the given message with the given level.</doc>
<status status="PASS" start="2025-05-15T11:07:33.746583" elapsed="0.000311"/>
</kw>
<kw name="Should Be Equal As Numbers" owner="BuiltIn">
<msg time="2025-05-15T11:07:33.747485" level="INFO">Argument types are:
&lt;class 'float'&gt;
&lt;class 'str'&gt;</msg>
<arg>${value}</arg>
<arg>0</arg>
<doc>Fails if objects are unequal after converting them to real numbers.</doc>
<status status="PASS" start="2025-05-15T11:07:33.747264" elapsed="0.000320"/>
</kw>
<kw name="Log" owner="BuiltIn">
<msg time="2025-05-15T11:07:33.748141" level="INFO">Gyroscope full-scale value is correctly set to ±250 DPS (0).</msg>
<arg>Gyroscope full-scale value is correctly set to ±250 DPS (0).</arg>
<doc>Logs the given message with the given level.</doc>
<status status="PASS" start="2025-05-15T11:07:33.747933" elapsed="0.000314"/>
</kw>
<doc>Verify the CGVCU software shall configure the gyroscope’s full-scale value to ±250 DPS</doc>
<status status="PASS" start="2025-05-15T11:07:33.741366" elapsed="0.007667"/>
</test>
<test id="s1-s1-t2" name="CGMN-XXXX: Verify the Calibration Gyroscope values from IMU chip." line="25">
<kw name="Log" owner="BuiltIn">
<msg time="2025-05-15T11:07:33.750271" level="INFO">verifies from SWE.1 Requriment: XXXX</msg>
<arg>verifies from SWE.1 Requriment: XXXX</arg>
<doc>Logs the given message with the given level.</doc>
<status status="PASS" start="2025-05-15T11:07:33.750164" elapsed="0.000154"/>
</kw>
<kw name="Read Xcp Variable" owner="imu_canape_interface">
<msg time="2025-05-15T11:07:33.751796" level="INFO">${value_0} = -0.3227454423904419</msg>
<var>${value_0}</var>
<arg>Gyro_Calib._0_</arg>
<status status="PASS" start="2025-05-15T11:07:33.750533" elapsed="0.001293"/>
</kw>
<kw name="Log" owner="BuiltIn">
<msg time="2025-05-15T11:07:33.752182" level="INFO">current value of the Calibration Gyroscope 'x' values: -0.3227454423904419</msg>
<arg>current value of the Calibration Gyroscope 'x' values: ${value_0}</arg>
<doc>Logs the given message with the given level.</doc>
<status status="PASS" start="2025-05-15T11:07:33.752043" elapsed="0.000177"/>
</kw>
<kw name="Read Xcp Variable" owner="imu_canape_interface">
<msg time="2025-05-15T11:07:33.753349" level="INFO">${value_1} = -1.1122971773147583</msg>
<var>${value_1}</var>
<arg>Gyro_Calib._1_</arg>
<status status="PASS" start="2025-05-15T11:07:33.752393" elapsed="0.000983"/>
</kw>
<kw name="Log" owner="BuiltIn">
<msg time="2025-05-15T11:07:33.753671" level="INFO">current value of the Calibration Gyroscope 'y' values: -1.1122971773147583</msg>
<arg>current value of the Calibration Gyroscope 'y' values: ${value_1}</arg>
<doc>Logs the given message with the given level.</doc>
<status status="PASS" start="2025-05-15T11:07:33.753552" elapsed="0.000154"/>
</kw>
<kw name="Read Xcp Variable" owner="imu_canape_interface">
<msg time="2025-05-15T11:07:33.754755" level="INFO">${value_2} = -1.120994210243225</msg>
<var>${value_2}</var>
<arg>Gyro_Calib._2_</arg>
<status status="PASS" start="2025-05-15T11:07:33.753868" elapsed="0.000917"/>
</kw>
<kw name="Log" owner="BuiltIn">
<msg time="2025-05-15T11:07:33.755016" level="INFO">current value of the Calibration Gyroscope 'z' values: -1.120994210243225</msg>
<arg>current value of the Calibration Gyroscope 'z' values: ${value_2}</arg>
<doc>Logs the given message with the given level.</doc>
<status status="PASS" start="2025-05-15T11:07:33.754935" elapsed="0.000107"/>
</kw>
<kw name="Should Be True" owner="BuiltIn">
<arg>${value_0} &lt;= ${tolerance}</arg>
<doc>Fails if the given condition is not true.</doc>
<status status="PASS" start="2025-05-15T11:07:33.755173" elapsed="0.000194"/>
</kw>
<kw name="Log" owner="BuiltIn">
<msg time="2025-05-15T11:07:33.755576" level="INFO">Calibration Gyroscope 'x' value read as -0.3227454423904419. It matches the expected value (nearly equal to zero).</msg>
<arg>Calibration Gyroscope 'x' value read as ${value_0}. It matches the expected value (nearly equal to zero).</arg>
<doc>Logs the given message with the given level.</doc>
<status status="PASS" start="2025-05-15T11:07:33.755496" elapsed="0.000103"/>
</kw>
<kw name="Should Be True" owner="BuiltIn">
<arg>${value_1} &lt;= ${tolerance}</arg>
<doc>Fails if the given condition is not true.</doc>
<status status="PASS" start="2025-05-15T11:07:33.755760" elapsed="0.000160"/>
</kw>
<kw name="Log" owner="BuiltIn">
<msg time="2025-05-15T11:07:33.756109" level="INFO">Calibration Gyroscope 'y' value read as -1.1122971773147583. It matches the expected value (nearly equal to zero).</msg>
<arg>Calibration Gyroscope 'y' value read as ${value_1}. It matches the expected value (nearly equal to zero).</arg>
<doc>Logs the given message with the given level.</doc>
<status status="PASS" start="2025-05-15T11:07:33.756041" elapsed="0.000090"/>
</kw>
<kw name="Should Be True" owner="BuiltIn">
<arg>${value_2} &lt;= ${tolerance}</arg>
<doc>Fails if the given condition is not true.</doc>
<status status="PASS" start="2025-05-15T11:07:33.756240" elapsed="0.000127"/>
</kw>
<kw name="Log" owner="BuiltIn">
<msg time="2025-05-15T11:07:33.756552" level="INFO">Calibration Gyroscope 'z' value read as -1.120994210243225. It matches the expected value (nearly equal to zero).</msg>
<arg>Calibration Gyroscope 'z' value read as ${value_2}. It matches the expected value (nearly equal to zero).</arg>
<doc>Logs the given message with the given level.</doc>
<status status="PASS" start="2025-05-15T11:07:33.756487" elapsed="0.000085"/>
</kw>
<doc>Verify the Calibration Gyroscope values from IMU chip.</doc>
<status status="PASS" start="2025-05-15T11:07:33.749694" elapsed="0.006992"/>
</test>
<test id="s1-s1-t3" name="CGMN-XXXX: Verify the CGVCU software shall configure the accelerometer bandwidth to 44.8 Hz." line="53">
<kw name="Log" owner="BuiltIn">
<msg time="2025-05-15T11:07:33.757171" level="INFO">verifies from SWE.1 Requriment: XXXX</msg>
<arg>verifies from SWE.1 Requriment: XXXX</arg>
<doc>Logs the given message with the given level.</doc>
<status status="PASS" start="2025-05-15T11:07:33.757114" elapsed="0.000081"/>
</kw>
<kw name="Read Xcp Variable" owner="imu_canape_interface">
<msg time="2025-05-15T11:07:33.758130" level="INFO">${value} = 5.0</msg>
<var>${value}</var>
<arg>accelBwValue</arg>
<status status="PASS" start="2025-05-15T11:07:33.757308" elapsed="0.000839"/>
</kw>
<kw name="Log" owner="BuiltIn">
<msg time="2025-05-15T11:07:33.758343" level="INFO">accelerometer bandwidth: 5.0</msg>
<arg>accelerometer bandwidth: ${value}</arg>
<doc>Logs the given message with the given level.</doc>
<status status="PASS" start="2025-05-15T11:07:33.758275" elapsed="0.000090"/>
</kw>
<kw name="Should Be Equal As Numbers" owner="BuiltIn">
<msg time="2025-05-15T11:07:33.758634" level="INFO">Argument types are:
&lt;class 'float'&gt;
&lt;class 'str'&gt;</msg>
<arg>${value}</arg>
<arg>5</arg>
<doc>Fails if objects are unequal after converting them to real numbers.</doc>
<status status="PASS" start="2025-05-15T11:07:33.758562" elapsed="0.000104"/>
</kw>
<kw name="Log" owner="BuiltIn">
<msg time="2025-05-15T11:07:33.758843" level="INFO">accelerometer bandwidth is correctly read as (5 =&gt;ACCEL_BW_10_2)</msg>
<arg>accelerometer bandwidth is correctly read as (5 =&gt;ACCEL_BW_10_2)</arg>
<doc>Logs the given message with the given level.</doc>
<status status="PASS" start="2025-05-15T11:07:33.758783" elapsed="0.000082"/>
</kw>
<doc>Verify the CGVCU software shall configure the accelerometer bandwidth to 44.8 Hz.</doc>
<status status="PASS" start="2025-05-15T11:07:33.756917" elapsed="0.002069"/>
</test>
<kw name="Close Canape" owner="imu_canape_interface" type="TEARDOWN">
<status status="PASS" start="2025-05-15T11:07:33.759535" elapsed="5.991052"/>
</kw>
<status status="PASS" start="2025-05-15T11:07:19.502549" elapsed="20.248093"/>
</suite>
<status status="PASS" start="2025-05-15T11:07:19.482361" elapsed="20.269095"/>
</suite>
<statistics>
<total>
<stat pass="3" fail="0" skip="0">All Tests</stat>
</total>
<tag>
</tag>
<suite>
<stat name="IMU" id="s1" pass="3" fail="0" skip="0">IMU</stat>
<stat name="Imu Functional Validation" id="s1-s1" pass="3" fail="0" skip="0">IMU.Imu Functional Validation</stat>
</suite>
</statistics>
<errors>
</errors>
</robot>
