<?xml version="1.0" encoding="UTF-8"?>
<robot generator="Robot 7.3rc1 (Python 3.13.1 on win32)" generated="2025-05-13T15:24:22.865426" rpa="false" schemaversion="5">
<suite id="s1" name="IMU" source="D:\Jenkins\workspace\CGVCU_BSW_Mcore\IMU">
<suite id="s1-s1" name="Imu Functional Validation" source="D:\Jenkins\workspace\CGVCU_BSW_Mcore\IMU\imu_functional_validation.robot">
<kw name="Open Canape And Load Imu Configuration" owner="imu_canape_interface" type="SETUP">
<status status="PASS" start="2025-05-13T15:24:23.070702" elapsed="13.230289"/>
</kw>
<test id="s1-s1-t1" name="CGMN-XXXX: Verify the CGVCU software shall configure the gyroscope’s full-scale value to ±250 DPS." line="10">
<kw name="Log" owner="BuiltIn">
<msg time="2025-05-13T15:24:36.302228" level="INFO">verifies from SWE.1 Requriment: XXXX</msg>
<arg>verifies from SWE.1 Requriment: XXXX</arg>
<doc>Logs the given message with the given level.</doc>
<status status="PASS" start="2025-05-13T15:24:36.302075" elapsed="0.000211"/>
</kw>
<kw name="Read Xcp Variable" owner="imu_canape_interface">
<msg time="2025-05-13T15:24:36.303959" level="INFO">${value} = 0.0</msg>
<var>${value}</var>
<arg>gyroFsValue</arg>
<status status="PASS" start="2025-05-13T15:24:36.302634" elapsed="0.001352"/>
</kw>
<kw name="Log" owner="BuiltIn">
<msg time="2025-05-13T15:24:36.304293" level="INFO">Current gyroscope full-scale value: 0.0</msg>
<arg>Current gyroscope full-scale value: ${value}</arg>
<doc>Logs the given message with the given level.</doc>
<status status="PASS" start="2025-05-13T15:24:36.304168" elapsed="0.000157"/>
</kw>
<kw name="Should Be Equal As Numbers" owner="BuiltIn">
<msg time="2025-05-13T15:24:36.304602" level="INFO">Argument types are:
&lt;class 'float'&gt;
&lt;class 'str'&gt;</msg>
<arg>${value}</arg>
<arg>0</arg>
<doc>Fails if objects are unequal after converting them to real numbers.</doc>
<status status="PASS" start="2025-05-13T15:24:36.304496" elapsed="0.000152"/>
</kw>
<kw name="Log" owner="BuiltIn">
<msg time="2025-05-13T15:24:36.304861" level="INFO">Gyroscope full-scale value is correctly set to ±250 DPS (0).</msg>
<arg>Gyroscope full-scale value is correctly set to ±250 DPS (0).</arg>
<doc>Logs the given message with the given level.</doc>
<status status="PASS" start="2025-05-13T15:24:36.304801" elapsed="0.000087"/>
</kw>
<doc>Verify the CGVCU software shall configure the gyroscope’s full-scale value to ±250 DPS</doc>
<status status="PASS" start="2025-05-13T15:24:36.301358" elapsed="0.003684"/>
</test>
<kw name="Close Canape" owner="imu_canape_interface" type="TEARDOWN">
<status status="PASS" start="2025-05-13T15:24:36.305627" elapsed="7.719743"/>
</kw>
<status status="PASS" start="2025-05-13T15:24:22.884305" elapsed="21.141122"/>
</suite>
<status status="PASS" start="2025-05-13T15:24:22.866258" elapsed="21.159857"/>
</suite>
<statistics>
<total>
<stat pass="1" fail="0" skip="0">All Tests</stat>
</total>
<tag>
</tag>
<suite>
<stat name="IMU" id="s1" pass="1" fail="0" skip="0">IMU</stat>
<stat name="Imu Functional Validation" id="s1-s1" pass="1" fail="0" skip="0">IMU.Imu Functional Validation</stat>
</suite>
</statistics>
<errors>
</errors>
</robot>
